\BOOKMARK [1][]{zy.1}{\376\377\144\130\211\201}{}% 1
\BOOKMARK [1][]{section.1}{\376\377\116\000\060\001\000\040\225\356\230\230\221\315\217\360}{}% 2
\BOOKMARK [2][]{subsection.1.1}{\376\377\0001\000.\0001\000\040\225\356\230\230\166\204\127\372\147\054\200\314\146\157\167\345\213\306}{section.1}% 3
\BOOKMARK [2][]{subsection.1.2}{\376\377\0001\000.\0002\000\040\230\230\166\356\166\204\166\370\121\163\211\201\154\102}{section.1}% 4
\BOOKMARK [2][]{subsection.1.3}{\376\377\0001\000.\0003\000\040\211\201\154\102\166\204\121\167\117\123\225\356\230\230}{section.1}% 5
\BOOKMARK [1][]{section.2}{\376\377\116\214\060\001\000\040\225\356\230\230\122\006\147\220}{}% 6
\BOOKMARK [2][]{subsection.2.1}{\376\377\0002\000.\0001\000\040\170\024\172\166\163\260\162\266\176\374\217\360}{section.2}% 7
\BOOKMARK [2][]{subsection.2.2}{\376\377\0002\000.\0002\000\040\133\371\225\356\230\230\166\204\140\073\117\123\122\006\147\220\124\214\211\343\230\230\140\035\215\357}{section.2}% 8
\BOOKMARK [2][]{subsection.2.3}{\376\377\0002\000.\0003\000\040\225\356\230\230\166\204\121\167\117\123\122\006\147\220\124\214\133\371\173\126}{section.2}% 9
\BOOKMARK [1][]{section.3}{\376\377\116\011\060\001\000\040\152\041\127\213\120\107\213\276}{}% 10
\BOOKMARK [1][]{section.4}{\376\377\126\333\060\001\000\040\124\015\213\315\211\343\221\312\116\016\173\046\123\367\213\364\146\016}{}% 11
\BOOKMARK [2][]{subsection.4.1}{\376\377\0004\000.\0001\000\040\124\015\213\315\211\343\221\312}{section.4}% 12
\BOOKMARK [2][]{subsection.4.2}{\376\377\0004\000.\0002\000\040\173\046\123\367\213\364\146\016}{section.4}% 13
\BOOKMARK [1][]{section.5}{\376\377\116\224\060\001\000\040\152\041\127\213\166\204\136\372\172\313\116\016\154\102\211\343}{}% 14
\BOOKMARK [2][]{subsection.5.1}{\376\377\0005\000.\0001\000\040\225\356\230\230\116\000\152\041\127\213\166\204\136\372\172\313\116\016\154\102\211\343}{section.5}% 15
\BOOKMARK [2][]{subsection.5.2}{\376\377\0005\000.\0002\000\040\225\356\230\230\116\214\152\041\127\213\166\204\136\372\172\313\116\016\154\102\211\343}{section.5}% 16
\BOOKMARK [2][]{subsection.5.3}{\376\377\0005\000.\0003\000\040\225\356\230\230\116\011\152\041\127\213\166\204\136\372\172\313\116\016\154\102\211\343}{section.5}% 17
\BOOKMARK [2][]{subsection.5.4}{\376\377\0005\000.\0004\000\040\225\356\230\230\126\333\152\041\127\213\166\204\136\372\172\313\116\016\154\102\211\343}{section.5}% 18
\BOOKMARK [1][]{section.6}{\376\377\121\155\060\001\000\040\152\041\127\213\166\204\213\304\116\367\060\001\145\071\217\333\116\016\143\250\136\177}{}% 19
\BOOKMARK [2][]{subsection.6.1}{\376\377\0006\000.\0001\000\040\152\041\127\213\166\204\213\304\116\367}{section.6}% 20
\BOOKMARK [2][]{subsection.6.2}{\376\377\0006\000.\0002\000\040\152\041\127\213\166\204\145\071\217\333}{section.6}% 21
\BOOKMARK [2][]{subsection.6.3}{\376\377\0006\000.\0003\000\040\152\041\127\213\166\204\143\250\136\177}{section.6}% 22
\BOOKMARK [1][]{section*.25}{\376\377\123\302\200\003\145\207\163\056}{}% 23
\BOOKMARK [1][]{appendix.A}{\376\377\226\104\137\125\0001\377\032\000\040\225\356\230\230\116\214\166\204\000\040\000p\000y\000t\000h\000o\000n\000\040\116\343\170\001}{}% 24
\BOOKMARK [1][]{appendix.B}{\376\377\226\104\137\125\0002\377\032\000\040\225\356\230\230\116\011\166\204\000\040\000p\000y\000t\000h\000o\000n\000\040\116\343\170\001}{}% 25
\BOOKMARK [1][]{appendix.C}{\376\377\226\104\137\125\0003\377\032\000\040\225\356\230\230\126\333\166\204\000p\000y\000t\000h\000o\000n\116\343\170\001}{}% 26
